SF:lib/src/async_button_builder.dart
DA:52,6
DA:135,6
DA:136,6
DA:141,24
DA:145,6
DA:147,6
DA:148,12
DA:149,12
DA:151,18
DA:152,18
DA:155,2
DA:157,2
DA:158,8
DA:159,1
DA:160,2
DA:161,2
DA:162,1
DA:163,1
DA:165,0
DA:167,3
DA:168,3
DA:172,6
DA:174,18
DA:175,12
DA:176,6
DA:179,6
DA:180,12
DA:181,12
DA:182,13
DA:183,12
DA:184,6
DA:185,12
DA:186,12
DA:187,6
DA:188,13
DA:189,6
DA:190,5
DA:192,6
DA:194,18
DA:197,6
DA:198,12
DA:199,18
DA:200,6
DA:201,0
DA:202,0
DA:203,0
DA:204,0
DA:205,0
DA:206,0
DA:210,6
DA:211,12
DA:212,18
DA:214,0
DA:216,0
DA:217,0
DA:218,0
DA:219,0
DA:222,0
DA:224,0
DA:232,6
DA:235,0
DA:238,0
DA:239,0
DA:242,0
DA:245,0
DA:247,6
DA:249,6
DA:252,18
DA:254,18
DA:255,18
DA:256,18
DA:258,12
DA:259,6
DA:266,12
DA:268,18
DA:269,18
DA:270,18
DA:272,18
DA:273,18
DA:274,18
DA:275,18
DA:276,18
DA:278,12
DA:279,6
DA:281,18
DA:284,18
DA:285,5
DA:286,1
DA:287,3
DA:288,3
DA:291,6
DA:297,18
DA:301,0
DA:304,0
DA:305,0
DA:306,0
DA:311,24
DA:316,6
DA:317,24
DA:318,12
DA:319,12
DA:324,6
DA:325,24
DA:326,12
DA:327,12
DA:329,1
DA:330,1
DA:331,2
DA:332,1
DA:333,0
DA:339,1
DA:341,5
LF:112
LH:88
end_of_record
SF:lib/src/async_button_controller.dart
DA:20,7
DA:24,7
DA:25,7
DA:27,21
DA:28,3
DA:29,3
DA:30,3
DA:32,2
DA:33,2
DA:37,2
DA:38,2
DA:42,2
DA:45,28
DA:59,7
DA:67,7
DA:68,7
DA:69,7
DA:70,7
DA:71,7
DA:76,7
DA:77,7
DA:78,7
DA:79,7
DA:81,14
DA:85,21
DA:86,7
DA:87,14
DA:90,6
DA:91,4
DA:92,4
DA:94,2
DA:99,2
DA:100,2
DA:101,2
DA:102,2
DA:107,2
DA:108,2
DA:109,6
DA:110,4
DA:115,2
DA:116,2
DA:117,2
DA:118,4
DA:121,7
DA:122,14
DA:123,7
DA:124,7
DA:127,7
DA:128,9
DA:129,7
DA:132,7
DA:133,7
DA:134,7
DA:137,6
DA:140,7
DA:141,7
DA:142,7
DA:143,7
DA:144,14
DA:145,1
DA:146,1
DA:147,4
DA:148,1
DA:149,1
DA:150,1
DA:151,1
DA:156,7
DA:158,7
DA:159,7
DA:160,7
LF:70
LH:70
end_of_record
SF:lib/src/async_button_state.dart
DA:14,3
DA:24,1
DA:26,8
DA:27,8
DA:29,1
DA:30,1
DA:32,1
DA:37,1
DA:39,8
DA:40,8
DA:42,0
DA:43,0
DA:45,1
DA:50,1
DA:52,8
DA:53,8
DA:55,0
DA:56,0
DA:58,1
DA:63,3
DA:68,3
DA:69,6
DA:71,0
DA:72,0
DA:74,1
DA:75,2
LF:26
LH:20
end_of_record
SF:lib/src/buttons/elevated_async_button.dart
DA:12,1
DA:49,1
DA:119,1
DA:120,1
DA:121,1
DA:122,1
DA:123,1
DA:124,1
DA:125,1
DA:126,1
DA:127,1
DA:128,1
DA:129,1
DA:130,1
DA:131,1
DA:132,1
DA:133,1
DA:134,1
DA:135,1
DA:136,1
DA:137,1
DA:138,1
DA:139,1
DA:140,1
DA:141,1
DA:142,1
DA:143,1
DA:144,1
DA:146,1
DA:147,1
DA:148,1
DA:149,1
DA:150,1
DA:151,1
DA:152,1
DA:153,1
DA:154,1
DA:155,1
DA:159,1
DA:161,1
DA:162,1
DA:163,1
DA:164,1
DA:165,1
DA:166,1
DA:167,1
DA:168,1
LF:47
LH:47
end_of_record
SF:lib/src/buttons/filled_async_button.dart
DA:14,1
DA:49,1
DA:84,1
DA:122,1
DA:194,1
DA:195,1
DA:196,1
DA:197,1
DA:198,1
DA:199,1
DA:200,1
DA:201,1
DA:202,1
DA:203,1
DA:204,1
DA:205,1
DA:206,1
DA:207,1
DA:208,1
DA:209,1
DA:210,1
DA:211,1
DA:212,1
DA:213,1
DA:214,1
DA:215,1
DA:216,1
DA:217,1
DA:218,1
DA:219,1
DA:220,2
DA:222,1
DA:223,1
DA:224,1
DA:225,1
DA:226,1
DA:227,1
DA:228,1
DA:229,1
DA:230,1
DA:231,1
DA:234,2
DA:236,1
DA:237,1
DA:238,1
DA:239,1
DA:240,1
DA:241,1
DA:242,1
DA:243,1
DA:244,1
DA:245,1
DA:250,1
DA:251,2
DA:253,1
DA:254,1
DA:255,1
DA:256,1
DA:257,1
DA:258,1
DA:259,1
DA:260,1
DA:263,2
DA:265,1
DA:266,1
DA:267,1
DA:268,1
DA:269,1
DA:270,1
DA:271,1
DA:272,1
LF:71
LH:71
end_of_record
SF:lib/src/buttons/icon_async_button.dart
DA:17,1
DA:62,1
DA:107,1
DA:152,1
DA:241,1
DA:242,1
DA:243,1
DA:244,1
DA:245,1
DA:246,1
DA:247,1
DA:248,1
DA:249,1
DA:250,1
DA:251,1
DA:252,1
DA:253,1
DA:254,1
DA:255,1
DA:256,1
DA:257,1
DA:258,1
DA:259,1
DA:260,1
DA:261,1
DA:262,1
DA:263,1
DA:264,1
DA:265,1
DA:266,2
DA:269,1
DA:270,1
DA:271,1
DA:272,1
DA:273,1
DA:274,1
DA:275,1
DA:276,1
DA:277,1
DA:278,1
DA:279,1
DA:280,1
DA:281,1
DA:282,1
DA:283,1
DA:284,1
DA:285,1
DA:286,1
DA:287,1
DA:288,1
DA:290,2
DA:293,1
DA:294,1
DA:295,1
DA:296,1
DA:297,1
DA:298,1
DA:299,1
DA:300,1
DA:301,1
DA:302,1
DA:303,1
DA:304,1
DA:305,1
DA:306,1
DA:307,1
DA:308,1
DA:309,1
DA:310,1
DA:311,1
DA:312,1
DA:314,2
DA:317,1
DA:318,1
DA:319,1
DA:320,1
DA:321,1
DA:322,1
DA:323,1
DA:324,1
DA:325,1
DA:326,1
DA:327,1
DA:328,1
DA:329,1
DA:330,1
DA:331,1
DA:332,1
DA:333,1
DA:334,1
DA:335,1
DA:336,1
DA:338,2
DA:341,1
DA:342,1
DA:343,1
DA:344,1
DA:345,1
DA:346,1
DA:347,1
DA:348,1
DA:349,1
DA:350,1
DA:351,1
DA:352,1
DA:353,1
DA:354,1
DA:355,1
DA:356,1
DA:357,1
DA:358,1
DA:359,1
DA:360,1
LF:113
LH:113
end_of_record
SF:lib/src/buttons/outlined_async_button.dart
DA:10,1
DA:44,1
DA:114,1
DA:115,1
DA:116,1
DA:117,1
DA:118,1
DA:119,1
DA:120,1
DA:121,1
DA:122,1
DA:123,1
DA:124,1
DA:125,1
DA:126,1
DA:127,1
DA:128,1
DA:129,1
DA:130,1
DA:131,1
DA:132,1
DA:133,1
DA:134,1
DA:135,1
DA:136,1
DA:137,1
DA:138,1
DA:139,1
DA:141,1
DA:142,1
DA:143,1
DA:144,1
DA:145,1
DA:146,1
DA:147,1
DA:148,1
DA:149,1
DA:150,1
DA:154,1
DA:156,1
DA:157,1
DA:158,1
DA:159,1
DA:160,1
DA:161,1
DA:162,1
DA:163,1
LF:47
LH:47
end_of_record
SF:lib/src/buttons/text_async_button.dart
DA:10,1
DA:44,1
DA:114,1
DA:115,1
DA:116,1
DA:117,1
DA:118,1
DA:119,1
DA:120,1
DA:121,1
DA:122,1
DA:123,1
DA:124,1
DA:125,1
DA:126,1
DA:127,1
DA:128,1
DA:129,1
DA:130,1
DA:131,1
DA:132,1
DA:133,1
DA:134,1
DA:135,1
DA:136,1
DA:137,1
DA:138,1
DA:139,1
DA:141,1
DA:142,1
DA:143,1
DA:144,1
DA:145,1
DA:146,1
DA:147,1
DA:148,1
DA:149,1
DA:150,1
DA:154,1
DA:156,1
DA:157,1
DA:158,1
DA:159,1
DA:160,1
DA:161,1
DA:162,1
DA:163,1
LF:47
LH:47
end_of_record
SF:lib/src/material_async_button_theme.dart
DA:23,3
DA:53,1
DA:57,1
DA:58,1
DA:59,1
DA:60,1
DA:128,7
DA:129,14
DA:131,1
DA:152,1
DA:153,1
DA:154,1
DA:155,1
DA:156,0
DA:157,1
DA:158,1
DA:159,1
DA:160,1
DA:161,1
DA:162,1
DA:163,1
DA:164,1
DA:165,1
DA:166,1
DA:167,1
DA:168,1
DA:169,1
DA:170,1
DA:171,1
DA:174,2
DA:179,2
DA:181,2
DA:182,2
DA:183,2
DA:184,2
DA:185,2
DA:186,6
DA:187,6
DA:188,2
DA:189,2
DA:190,2
DA:191,2
DA:192,2
DA:193,2
DA:194,2
DA:197,6
DA:198,6
DA:199,2
DA:200,2
DA:201,6
DA:202,2
DA:203,2
DA:204,2
DA:205,2
DA:209,2
DA:211,1
DA:212,1
DA:213,5
DA:216,2
DA:219,1
DA:220,3
DA:221,3
DA:222,3
DA:223,3
DA:224,3
DA:225,3
DA:226,3
DA:227,3
DA:228,3
DA:229,3
DA:230,3
DA:231,3
DA:232,3
DA:233,3
DA:234,3
DA:235,3
DA:236,3
DA:237,3
DA:238,3
DA:240,1
DA:241,2
DA:242,1
DA:243,1
DA:244,1
DA:245,1
DA:246,1
DA:247,1
DA:248,1
DA:249,1
DA:250,1
DA:251,1
DA:252,1
DA:253,1
DA:254,1
DA:255,1
DA:256,1
DA:257,1
DA:258,1
DA:259,1
DA:260,1
DA:265,1
DA:269,0
DA:271,0
DA:273,0
DA:275,0
DA:282,1
DA:286,0
DA:288,0
DA:292,1
DA:296,0
DA:298,0
LF:111
LH:102
end_of_record
